objfs_init
Done objstore init
objfs_getattr: key=/.Trash
objfs_getattr: key=/.Trash-1000
objfs_getattr: key=/.xdg-volume-info
objfs_getattr: key=/autorun.inf
objfs_getattr: key=/
objfs_getattr: key=/
objfs_getattr: key=/
objfs_getattr: key=/
objfs_getattr: key=/
objfs_getattr: key=/
objfs_getattr: key=/
objfs_getattr: key=/
objfs_getattr: key=/
objfs_getattr: key=/
objfs_getattr: key=/
objfs_getattr: key=/
objfs_getattr: key=/
objfs_getattr: key=/
objfs_getattr: key=/
objfs_getattr: key=/
objfs_getattr: key=/
objfs_getattr: key=/
objfs_getattr: key=/
objfs_getattr: key=/
objfs_getattr: key=/
objfs_getattr: key=/
objfs_getattr: key=/
objfs_getattr: key=/autorun.inf
objfs_getattr: key=/
objfs_getattr: key=/
objfs_getattr: key=/
objfs_getattr: key=/
objfs_getattr: key=/
objfs_getattr: key=/
objfs_getattr: key=/
objfs_getattr: key=/
objfs_getattr: key=/$LD_LIBRARY_PATH
objfs_getattr: key=/$LD_LIBRARY_PATH
objfs_getattr: key=/$LD_LIBRARY_PATH
objfs_getattr: key=/$LD_LIBRARY_PATH
objfs_getattr: key=/$LD_LIBRARY_PATH
objfs_getattr: key=/$LD_LIBRARY_PATH
objfs_getattr: key=/$LD_LIBRARY_PATH
objfs_getattr: key=/$LD_LIBRARY_PATH
objfs_getattr: key=/$LD_LIBRARY_PATH
objfs_getattr: key=/$LD_LIBRARY_PATH
objfs_getattr: key=/$LD_LIBRARY_PATH
objfs_getattr: key=/$LD_LIBRARY_PATH
objfs_getattr: key=/$LD_LIBRARY_PATH
objfs_getattr: key=/$LD_LIBRARY_PATH
objfs_getattr: key=/$LD_LIBRARY_PATH
objfs_getattr: key=/$LD_LIBRARY_PATH
objfs_getattr: key=/$LD_LIBRARY_PATH
objfs_getattr: key=/$LD_LIBRARY_PATH
objfs_getattr: key=/$LD_LIBRARY_PATH
objfs_getattr: key=/$LD_LIBRARY_PATH
objfs_getattr: key=/$LD_LIBRARY_PATH
objfs_getattr: key=/$LD_LIBRARY_PATH
objfs_getattr: key=/$LD_LIBRARY_PATH
objfs_getattr: key=/$LD_LIBRARY_PATH
objfs_getattr: key=/.git
objfs_getattr: key=/.git
objfs_getattr: key=/HEAD
objfs_getattr: key=/
objfs_getattr: key=/
objfs_getattr: key=/$LD_LIBRARY_PATH
objfs_getattr: key=/$LD_LIBRARY_PATH
objfs_getattr: key=/$LD_LIBRARY_PATH
objfs_getattr: key=/$LD_LIBRARY_PATH
objfs_getattr: key=/$LD_LIBRARY_PATH
objfs_getattr: key=/$LD_LIBRARY_PATH
objfs_getattr: key=/$LD_LIBRARY_PATH
objfs_getattr: key=/$LD_LIBRARY_PATH
objfs_getattr: key=/$LD_LIBRARY_PATH
objfs_getattr: key=/$LD_LIBRARY_PATH
objfs_getattr: key=/$LD_LIBRARY_PATH
objfs_getattr: key=/$LD_LIBRARY_PATH
objfs_getattr: key=/$LD_LIBRARY_PATH
objfs_getattr: key=/$LD_LIBRARY_PATH
objfs_getattr: key=/$LD_LIBRARY_PATH
objfs_getattr: key=/$LD_LIBRARY_PATH
objfs_getattr: key=/$LD_LIBRARY_PATH
objfs_getattr: key=/$LD_LIBRARY_PATH
objfs_getattr: key=/$LD_LIBRARY_PATH
objfs_getattr: key=/$LD_LIBRARY_PATH
objfs_getattr: key=/$LD_LIBRARY_PATH
objfs_getattr: key=/$LD_LIBRARY_PATH
objfs_getattr: key=/$LD_LIBRARY_PATH
objfs_getattr: key=/$LD_LIBRARY_PATH
objfs_getattr: key=/
objfs_getattr: key=/.git
objfs_getattr: key=/.git
objfs_getattr: key=/HEAD
objfs_getattr: key=/
objfs_getattr: key=/
objfs_getattr: key=/
objfs_getattr: key=/
objfs_getattr: key=/
objfs_getattr: key=/
objfs_getattr: key=/
objfs_getattr: key=/
objfs_getattr: key=/
objfs_getattr: key=/
objfs_getattr: key=/
objfs_getattr: key=/
objfs_getattr: key=/
objfs_getattr: key=/
objfs_getattr: key=/
objfs_getattr: key=/.Trash
objfs_getattr: key=/.Trash-1000
objfs_getattr: key=/
objfs_getattr: key=/
objfs_getattr: key=/
objfs_getattr: key=/
objfs_getattr: key=/
objfs_getattr: key=/
objfs_getattr: key=/
objfs_getattr: key=/
objfs_getattr: key=/
objfs_getattr: key=/
objfs_getattr: key=/
objfs_getattr: key=/
objfs_getattr: key=/
objfs_getattr: key=/
objfs_getattr: key=/
objfs_getattr: key=/
objfs_getattr: key=/
objfs_getattr: key=/
objfs_getattr: key=/$LD_LIBRARY_PATH
objfs_getattr: key=/$LD_LIBRARY_PATH
objfs_getattr: key=/$LD_LIBRARY_PATH
objfs_getattr: key=/$LD_LIBRARY_PATH
objfs_getattr: key=/$LD_LIBRARY_PATH
objfs_getattr: key=/$LD_LIBRARY_PATH
objfs_getattr: key=/$LD_LIBRARY_PATH
objfs_getattr: key=/$LD_LIBRARY_PATH
objfs_getattr: key=/$LD_LIBRARY_PATH
objfs_getattr: key=/$LD_LIBRARY_PATH
objfs_getattr: key=/$LD_LIBRARY_PATH
objfs_getattr: key=/$LD_LIBRARY_PATH
objfs_getattr: key=/$LD_LIBRARY_PATH
objfs_getattr: key=/$LD_LIBRARY_PATH
objfs_getattr: key=/$LD_LIBRARY_PATH
objfs_getattr: key=/$LD_LIBRARY_PATH
objfs_getattr: key=/$LD_LIBRARY_PATH
objfs_getattr: key=/$LD_LIBRARY_PATH
objfs_getattr: key=/$LD_LIBRARY_PATH
objfs_getattr: key=/$LD_LIBRARY_PATH
objfs_getattr: key=/$LD_LIBRARY_PATH
objfs_getattr: key=/$LD_LIBRARY_PATH
objfs_getattr: key=/$LD_LIBRARY_PATH
objfs_getattr: key=/$LD_LIBRARY_PATH
objfs_getattr: key=/
objfs_getattr: key=/.git
objfs_getattr: key=/.git
objfs_getattr: key=/HEAD
objfs_getattr: key=/
objfs_getattr: key=/
objfs_getattr: key=/
objfs_getattr: key=/
objfs_getattr: key=/
objfs_getattr: key=/
objfs_getattr: key=/
objfs_getattr: key=/
objfs_getattr: key=/
objfs_getattr: key=/
objfs_getattr: key=/
objfs_getattr: key=/
objfs_getattr: key=/
objfs_getattr: key=/
objfs_destroy
Done objstore destroy
